# Logfile created on 2014-01-06 22:04:43 +0000 by logger.rb/44203
I, [2014-01-06T22:04:43.433364 #5256]  INFO -- : 0:  rake (10.1.1) from /Users/pedrolopes/.rvm/gems/ruby-2.1.0/specifications/rake-10.1.1.gemspec
I, [2014-01-06T22:04:43.433696 #5256]  INFO -- : 0:  i18n (0.6.9) from /Users/pedrolopes/.rvm/gems/ruby-2.1.0/specifications/i18n-0.6.9.gemspec
I, [2014-01-06T22:04:43.433906 #5256]  INFO -- : 0:  minitest (4.7.5) from /Users/pedrolopes/.rvm/rubies/ruby-2.1.0/lib/ruby/gems/2.1.0/specifications/default/minitest-4.7.5.gemspec
I, [2014-01-06T22:04:43.434112 #5256]  INFO -- : 0:  multi_json (1.8.2) from /Users/pedrolopes/.rvm/gems/ruby-2.1.0/specifications/multi_json-1.8.2.gemspec
I, [2014-01-06T22:04:43.434313 #5256]  INFO -- : 0:  atomic (1.1.14) from /Users/pedrolopes/.rvm/gems/ruby-2.1.0/specifications/atomic-1.1.14.gemspec
I, [2014-01-06T22:04:43.434511 #5256]  INFO -- : 0:  thread_safe (0.1.3) from /Users/pedrolopes/.rvm/gems/ruby-2.1.0/specifications/thread_safe-0.1.3.gemspec
I, [2014-01-06T22:04:43.434700 #5256]  INFO -- : 0:  tzinfo (0.3.38) from /Users/pedrolopes/.rvm/gems/ruby-2.1.0/specifications/tzinfo-0.3.38.gemspec
I, [2014-01-06T22:04:43.434889 #5256]  INFO -- : 0:  activesupport (4.0.2) from /Users/pedrolopes/.rvm/gems/ruby-2.1.0/specifications/activesupport-4.0.2.gemspec
I, [2014-01-06T22:04:43.435092 #5256]  INFO -- : 0:  builder (3.1.4) from /Users/pedrolopes/.rvm/gems/ruby-2.1.0/specifications/builder-3.1.4.gemspec
I, [2014-01-06T22:04:43.435284 #5256]  INFO -- : 0:  erubis (2.7.0) from /Users/pedrolopes/.rvm/gems/ruby-2.1.0/specifications/erubis-2.7.0.gemspec
I, [2014-01-06T22:04:43.435489 #5256]  INFO -- : 0:  rack (1.5.2) from /Users/pedrolopes/.rvm/gems/ruby-2.1.0/specifications/rack-1.5.2.gemspec
I, [2014-01-06T22:04:43.435682 #5256]  INFO -- : 0:  rack-test (0.6.2) from /Users/pedrolopes/.rvm/gems/ruby-2.1.0/specifications/rack-test-0.6.2.gemspec
I, [2014-01-06T22:04:43.435891 #5256]  INFO -- : 0:  actionpack (4.0.2) from /Users/pedrolopes/.rvm/gems/ruby-2.1.0/specifications/actionpack-4.0.2.gemspec
I, [2014-01-06T22:04:43.436085 #5256]  INFO -- : 0:  mime-types (1.25.1) from /Users/pedrolopes/.rvm/gems/ruby-2.1.0/specifications/mime-types-1.25.1.gemspec
I, [2014-01-06T22:04:43.436292 #5256]  INFO -- : 0:  polyglot (0.3.3) from /Users/pedrolopes/.rvm/gems/ruby-2.1.0/specifications/polyglot-0.3.3.gemspec
I, [2014-01-06T22:04:43.436483 #5256]  INFO -- : 0:  treetop (1.4.15) from /Users/pedrolopes/.rvm/gems/ruby-2.1.0/specifications/treetop-1.4.15.gemspec
I, [2014-01-06T22:04:43.436691 #5256]  INFO -- : 0:  mail (2.5.4) from /Users/pedrolopes/.rvm/gems/ruby-2.1.0/specifications/mail-2.5.4.gemspec
I, [2014-01-06T22:04:43.436886 #5256]  INFO -- : 0:  actionmailer (4.0.2) from /Users/pedrolopes/.rvm/gems/ruby-2.1.0/specifications/actionmailer-4.0.2.gemspec
I, [2014-01-06T22:04:43.437097 #5256]  INFO -- : 0:  activemodel (4.0.2) from /Users/pedrolopes/.rvm/gems/ruby-2.1.0/specifications/activemodel-4.0.2.gemspec
I, [2014-01-06T22:04:43.437292 #5256]  INFO -- : 0:  activerecord-deprecated_finders (1.0.3) from /Users/pedrolopes/.rvm/gems/ruby-2.1.0/specifications/activerecord-deprecated_finders-1.0.3.gemspec
I, [2014-01-06T22:04:43.437500 #5256]  INFO -- : 0:  arel (4.0.1) from /Users/pedrolopes/.rvm/gems/ruby-2.1.0/specifications/arel-4.0.1.gemspec
I, [2014-01-06T22:04:43.437698 #5256]  INFO -- : 0:  activerecord (4.0.2) from /Users/pedrolopes/.rvm/gems/ruby-2.1.0/specifications/activerecord-4.0.2.gemspec
I, [2014-01-06T22:04:45.213346 #5256]  INFO -- : 0:  addressable (2.3.5) from /Users/pedrolopes/.rvm/gems/ruby-2.1.0/specifications/addressable-2.3.5.gemspec
I, [2014-01-06T22:04:47.887023 #5256]  INFO -- : 0:  bcrypt-ruby (3.1.2) from /Users/pedrolopes/.rvm/gems/ruby-2.1.0/specifications/bcrypt-ruby-3.1.2.gemspec
I, [2014-01-06T22:04:49.202106 #5256]  INFO -- : 0:  buftok (0.2.0) from /Users/pedrolopes/.rvm/gems/ruby-2.1.0/specifications/buftok-0.2.0.gemspec
I, [2014-01-06T22:04:49.202463 #5256]  INFO -- : 0:  bundler (1.5.1) from /Users/pedrolopes/.rvm/gems/ruby-2.1.0@global/specifications/bundler-1.5.1.gemspec
I, [2014-01-06T22:04:50.570621 #5256]  INFO -- : 0:  coffee-script-source (1.6.3) from /Users/pedrolopes/.rvm/gems/ruby-2.1.0/specifications/coffee-script-source-1.6.3.gemspec
I, [2014-01-06T22:04:52.073450 #5256]  INFO -- : 0:  execjs (2.0.2) from /Users/pedrolopes/.rvm/gems/ruby-2.1.0/specifications/execjs-2.0.2.gemspec
I, [2014-01-06T22:04:53.526356 #5256]  INFO -- : 0:  coffee-script (2.2.0) from /Users/pedrolopes/.rvm/gems/ruby-2.1.0/specifications/coffee-script-2.2.0.gemspec
I, [2014-01-06T22:04:53.526796 #5256]  INFO -- : 0:  thor (0.18.1) from /Users/pedrolopes/.rvm/gems/ruby-2.1.0/specifications/thor-0.18.1.gemspec
I, [2014-01-06T22:04:53.527225 #5256]  INFO -- : 0:  railties (4.0.2) from /Users/pedrolopes/.rvm/gems/ruby-2.1.0/specifications/railties-4.0.2.gemspec
I, [2014-01-06T22:04:55.057127 #5256]  INFO -- : 0:  coffee-rails (4.0.1) from /Users/pedrolopes/.rvm/gems/ruby-2.1.0/specifications/coffee-rails-4.0.1.gemspec
I, [2014-01-06T22:04:56.405577 #5256]  INFO -- : 0:  daemons (1.1.9) from /Users/pedrolopes/.rvm/gems/ruby-2.1.0/specifications/daemons-1.1.9.gemspec
I, [2014-01-06T22:04:58.318890 #5256]  INFO -- : 0:  delayed_job (4.0.0) from /Users/pedrolopes/.rvm/gems/ruby-2.1.0/specifications/delayed_job-4.0.0.gemspec
I, [2014-01-06T22:04:59.692409 #5256]  INFO -- : 0:  delayed_job_active_record (4.0.0) from /Users/pedrolopes/.rvm/gems/ruby-2.1.0/specifications/delayed_job_active_record-4.0.0.gemspec
I, [2014-01-06T22:04:59.692757 #5256]  INFO -- : 0:  tilt (1.4.1) from /Users/pedrolopes/.rvm/gems/ruby-2.1.0/specifications/tilt-1.4.1.gemspec
I, [2014-01-06T22:05:01.539745 #5256]  INFO -- : 0:  haml (4.0.4) from /Users/pedrolopes/.rvm/gems/ruby-2.1.0/specifications/haml-4.0.4.gemspec
I, [2014-01-06T22:05:01.540089 #5256]  INFO -- : 0:  json (1.8.1) from /Users/pedrolopes/.rvm/rubies/ruby-2.1.0/lib/ruby/gems/2.1.0/specifications/default/json-1.8.1.gemspec
I, [2014-01-06T22:05:03.501114 #5256]  INFO -- : 0:  rdoc (3.12.2) from /Users/pedrolopes/.rvm/gems/ruby-2.1.0/specifications/rdoc-3.12.2.gemspec
I, [2014-01-06T22:05:05.273718 #5256]  INFO -- : 0:  rack-protection (1.5.1) from /Users/pedrolopes/.rvm/gems/ruby-2.1.0/specifications/rack-protection-1.5.1.gemspec
I, [2014-01-06T22:05:07.090834 #5256]  INFO -- : 0:  sinatra (1.4.4) from /Users/pedrolopes/.rvm/gems/ruby-2.1.0/specifications/sinatra-1.4.4.gemspec
I, [2014-01-06T22:05:09.063770 #5256]  INFO -- : 0:  delayed_job_web (1.2.1) from /Users/pedrolopes/.rvm/gems/ruby-2.1.0/specifications/delayed_job_web-1.2.1.gemspec
I, [2014-01-06T22:05:10.737362 #5256]  INFO -- : 0:  descendants_tracker (0.0.3) from /Users/pedrolopes/.rvm/gems/ruby-2.1.0/specifications/descendants_tracker-0.0.3.gemspec
I, [2014-01-06T22:05:12.343848 #5256]  INFO -- : 0:  orm_adapter (0.5.0) from /Users/pedrolopes/.rvm/gems/ruby-2.1.0/specifications/orm_adapter-0.5.0.gemspec
I, [2014-01-06T22:05:13.883401 #5256]  INFO -- : 0:  warden (1.2.3) from /Users/pedrolopes/.rvm/gems/ruby-2.1.0/specifications/warden-1.2.3.gemspec
I, [2014-01-06T22:05:16.073915 #5256]  INFO -- : 0:  devise (3.2.2) from /Users/pedrolopes/.rvm/gems/ruby-2.1.0/specifications/devise-3.2.2.gemspec
I, [2014-01-06T22:05:17.791723 #5256]  INFO -- : 0:  devise_marketable (0.0.4) from /Users/pedrolopes/.rvm/gems/ruby-2.1.0/specifications/devise_marketable-0.0.4.gemspec
I, [2014-01-06T22:05:19.440474 #5256]  INFO -- : 0:  dropbox-sdk (1.6.3) from /Users/pedrolopes/.rvm/gems/ruby-2.1.0/specifications/dropbox-sdk-1.6.3.gemspec
I, [2014-01-06T22:05:21.194795 #5256]  INFO -- : 0:  equalizer (0.0.9) from /Users/pedrolopes/.rvm/gems/ruby-2.1.0/specifications/equalizer-0.0.9.gemspec
I, [2014-01-06T22:05:22.628595 #5256]  INFO -- : 0:  multipart-post (1.2.0) from /Users/pedrolopes/.rvm/gems/ruby-2.1.0/specifications/multipart-post-1.2.0.gemspec
I, [2014-01-06T22:05:24.453266 #5256]  INFO -- : 0:  faraday (0.8.8) from /Users/pedrolopes/.rvm/gems/ruby-2.1.0/specifications/faraday-0.8.8.gemspec
I, [2014-01-06T22:05:26.749049 #5256]  INFO -- : 0:  sass (3.2.13) from /Users/pedrolopes/.rvm/gems/ruby-2.1.0/specifications/sass-3.2.13.gemspec
I, [2014-01-06T22:05:28.481590 #5256]  INFO -- : 0:  foundation-rails (5.0.2.0) from /Users/pedrolopes/.rvm/gems/ruby-2.1.0/specifications/foundation-rails-5.0.2.0.gemspec
I, [2014-01-06T22:05:29.834046 #5256]  INFO -- : 0:  hashie (2.0.5) from /Users/pedrolopes/.rvm/gems/ruby-2.1.0/specifications/hashie-2.0.5.gemspec
I, [2014-01-06T22:05:29.834675 #5256]  INFO -- : 0:  hike (1.2.3) from /Users/pedrolopes/.rvm/gems/ruby-2.1.0/specifications/hike-1.2.3.gemspec
I, [2014-01-06T22:05:32.503536 #5256]  INFO -- : 0:  hiredis (0.4.5) from /Users/pedrolopes/.rvm/gems/ruby-2.1.0/specifications/hiredis-0.4.5.gemspec
I, [2014-01-06T22:05:34.944043 #5256]  INFO -- : 0:  http_parser.rb (0.6.0) from /Users/pedrolopes/.rvm/gems/ruby-2.1.0/specifications/http_parser.rb-0.6.0.gemspec
I, [2014-01-06T22:05:36.626827 #5256]  INFO -- : 0:  http (0.5.0) from /Users/pedrolopes/.rvm/gems/ruby-2.1.0/specifications/http-0.5.0.gemspec
I, [2014-01-06T22:05:38.374384 #5256]  INFO -- : 0:  httpauth (0.2.0) from /Users/pedrolopes/.rvm/gems/ruby-2.1.0/specifications/httpauth-0.2.0.gemspec
I, [2014-01-06T22:05:40.283950 #5256]  INFO -- : 0:  jbuilder (1.5.3) from /Users/pedrolopes/.rvm/gems/ruby-2.1.0/specifications/jbuilder-1.5.3.gemspec
I, [2014-01-06T22:05:42.177946 #5256]  INFO -- : 0:  jquery-rails (3.0.4) from /Users/pedrolopes/.rvm/gems/ruby-2.1.0/specifications/jquery-rails-3.0.4.gemspec
I, [2014-01-06T22:05:43.352204 #5256]  INFO -- : 0:  jsonpath (0.5.5) from /Users/pedrolopes/.rvm/gems/ruby-2.1.0/specifications/jsonpath-0.5.5.gemspec
I, [2014-01-06T22:05:45.152779 #5256]  INFO -- : 0:  jwt (0.1.8) from /Users/pedrolopes/.rvm/gems/ruby-2.1.0/specifications/jwt-0.1.8.gemspec
I, [2014-01-06T22:05:46.894310 #5256]  INFO -- : 0:  kaminari (0.15.0) from /Users/pedrolopes/.rvm/gems/ruby-2.1.0/specifications/kaminari-0.15.0.gemspec
I, [2014-01-06T22:05:48.936462 #5256]  INFO -- : 0:  koala (1.6.0) from /Users/pedrolopes/.rvm/gems/ruby-2.1.0/specifications/koala-1.6.0.gemspec
I, [2014-01-06T22:05:51.089931 #5256]  INFO -- : 0:  kramdown (1.3.1) from /Users/pedrolopes/.rvm/gems/ruby-2.1.0/specifications/kramdown-1.3.1.gemspec
I, [2014-01-06T22:05:52.729558 #5256]  INFO -- : 0:  oauth (0.4.7) from /Users/pedrolopes/.rvm/gems/ruby-2.1.0/specifications/oauth-0.4.7.gemspec
I, [2014-01-06T22:05:54.540614 #5256]  INFO -- : 0:  linkedin (0.4.4) from /Users/pedrolopes/.rvm/gems/ruby-2.1.0/specifications/linkedin-0.4.4.gemspec
I, [2014-01-06T22:05:55.743651 #5256]  INFO -- : 0:  memoizable (0.4.0) from /Users/pedrolopes/.rvm/gems/ruby-2.1.0/specifications/memoizable-0.4.0.gemspec
I, [2014-01-06T22:05:57.324934 #5256]  INFO -- : 0:  mini_portile (0.5.2) from /Users/pedrolopes/.rvm/gems/ruby-2.1.0/specifications/mini_portile-0.5.2.gemspec
I, [2014-01-06T22:06:01.133014 #5256]  INFO -- : 0:  mysql2 (0.3.14) from /Users/pedrolopes/.rvm/gems/ruby-2.1.0/specifications/mysql2-0.3.14.gemspec
I, [2014-01-06T22:07:26.436401 #5256]  INFO -- : 0:  nokogiri (1.6.1) from /Users/pedrolopes/.rvm/gems/ruby-2.1.0/specifications/nokogiri-1.6.1.gemspec
I, [2014-01-06T22:07:29.361407 #5256]  INFO -- : 0:  oauth2 (0.8.1) from /Users/pedrolopes/.rvm/gems/ruby-2.1.0/specifications/oauth2-0.8.1.gemspec
I, [2014-01-06T22:07:30.716814 #5256]  INFO -- : 0:  omniauth (1.1.4) from /Users/pedrolopes/.rvm/gems/ruby-2.1.0/specifications/omniauth-1.1.4.gemspec
I, [2014-01-06T22:07:32.348109 #5256]  INFO -- : 0:  omniauth-oauth2 (1.1.1) from /Users/pedrolopes/.rvm/gems/ruby-2.1.0/specifications/omniauth-oauth2-1.1.1.gemspec
I, [2014-01-06T22:07:33.897572 #5256]  INFO -- : 0:  omniauth-dropbox-oauth2 (0.1.0) from /Users/pedrolopes/.rvm/gems/ruby-2.1.0/specifications/omniauth-dropbox-oauth2-0.1.0.gemspec
I, [2014-01-06T22:07:35.533790 #5256]  INFO -- : 0:  omniauth-facebook (1.5.1) from /Users/pedrolopes/.rvm/gems/ruby-2.1.0/specifications/omniauth-facebook-1.5.1.gemspec
I, [2014-01-06T22:07:36.950424 #5256]  INFO -- : 0:  omniauth-github (1.1.1) from /Users/pedrolopes/.rvm/gems/ruby-2.1.0/specifications/omniauth-github-1.1.1.gemspec
I, [2014-01-06T22:07:38.487942 #5256]  INFO -- : 0:  omniauth-google-oauth2 (0.2.2) from /Users/pedrolopes/.rvm/gems/ruby-2.1.0/specifications/omniauth-google-oauth2-0.2.2.gemspec
I, [2014-01-06T22:07:40.035106 #5256]  INFO -- : 0:  omniauth-oauth (1.0.1) from /Users/pedrolopes/.rvm/gems/ruby-2.1.0/specifications/omniauth-oauth-1.0.1.gemspec
I, [2014-01-06T22:07:41.216702 #5256]  INFO -- : 0:  omniauth-linkedin (0.1.0) from /Users/pedrolopes/.rvm/gems/ruby-2.1.0/specifications/omniauth-linkedin-0.1.0.gemspec
I, [2014-01-06T22:07:42.803427 #5256]  INFO -- : 0:  omniauth-twitter (1.0.1) from /Users/pedrolopes/.rvm/gems/ruby-2.1.0/specifications/omniauth-twitter-1.0.1.gemspec
I, [2014-01-06T22:07:44.243078 #5256]  INFO -- : 0:  railroady (1.1.1) from /Users/pedrolopes/.rvm/gems/ruby-2.1.0/specifications/railroady-1.1.1.gemspec
I, [2014-01-06T22:07:44.243452 #5256]  INFO -- : 0:  sprockets (2.10.1) from /Users/pedrolopes/.rvm/gems/ruby-2.1.0/specifications/sprockets-2.10.1.gemspec
I, [2014-01-06T22:07:44.243729 #5256]  INFO -- : 0:  sprockets-rails (2.0.1) from /Users/pedrolopes/.rvm/gems/ruby-2.1.0/specifications/sprockets-rails-2.0.1.gemspec
I, [2014-01-06T22:07:44.244004 #5256]  INFO -- : 0:  rails (4.0.2) from /Users/pedrolopes/.rvm/gems/ruby-2.1.0/specifications/rails-4.0.2.gemspec
I, [2014-01-06T22:07:45.691205 #5256]  INFO -- : 0:  rails_config (0.3.3) from /Users/pedrolopes/.rvm/gems/ruby-2.1.0/specifications/rails_config-0.3.3.gemspec
I, [2014-01-06T22:07:47.162991 #5256]  INFO -- : 0:  redis (3.0.6) from /Users/pedrolopes/.rvm/gems/ruby-2.1.0/specifications/redis-3.0.6.gemspec
I, [2014-01-06T22:07:48.862662 #5256]  INFO -- : 0:  rest-client (1.6.7) from /Users/pedrolopes/.rvm/gems/ruby-2.1.0/specifications/rest-client-1.6.7.gemspec
I, [2014-01-06T22:07:50.666928 #5256]  INFO -- : 0:  rufus-scheduler (3.0.3) from /Users/pedrolopes/.rvm/gems/ruby-2.1.0/specifications/rufus-scheduler-3.0.3.gemspec
I, [2014-01-06T22:07:50.839143 #5256]  INFO -- : 0:  sass-rails (4.0.1) from /Users/pedrolopes/.rvm/gems/ruby-2.1.0/specifications/sass-rails-4.0.1.gemspec
I, [2014-01-06T22:07:50.923550 #5256]  INFO -- : 0:  sdoc (0.3.20) from /Users/pedrolopes/.rvm/gems/ruby-2.1.0/specifications/sdoc-0.3.20.gemspec
I, [2014-01-06T22:07:52.404948 #5256]  INFO -- : 0:  uuidtools (2.1.4) from /Users/pedrolopes/.rvm/gems/ruby-2.1.0/specifications/uuidtools-2.1.4.gemspec
I, [2014-01-06T22:07:53.668134 #5256]  INFO -- : 0:  sentry-raven (0.7.1) from /Users/pedrolopes/.rvm/gems/ruby-2.1.0/specifications/sentry-raven-0.7.1.gemspec
I, [2014-01-06T22:07:55.091880 #5256]  INFO -- : 0:  simple_oauth (0.2.0) from /Users/pedrolopes/.rvm/gems/ruby-2.1.0/specifications/simple_oauth-0.2.0.gemspec
I, [2014-01-06T22:07:55.118984 #5256]  INFO -- : 0:  turbolinks (2.1.0) from /Users/pedrolopes/.rvm/gems/ruby-2.1.0/specifications/turbolinks-2.1.0.gemspec
I, [2014-01-06T22:07:57.569657 #5256]  INFO -- : 0:  twitter (5.5.0) from /Users/pedrolopes/.rvm/gems/ruby-2.1.0/specifications/twitter-5.5.0.gemspec
I, [2014-01-06T22:07:57.614171 #5256]  INFO -- : 0:  uglifier (2.4.0) from /Users/pedrolopes/.rvm/gems/ruby-2.1.0/specifications/uglifier-2.4.0.gemspec
I, [2014-01-06T22:07:59.476948 #5256]  INFO -- : 0:  zaru (0.0.3) from /Users/pedrolopes/.rvm/gems/ruby-2.1.0/specifications/zaru-0.0.3.gemspec
I, [2014-01-07T14:49:05.846437 #25378]  INFO -- : 0:  rake (10.1.1) from /Users/pedrolopes/.rvm/gems/ruby-2.1.0/specifications/rake-10.1.1.gemspec
I, [2014-01-07T14:49:05.847452 #25378]  INFO -- : 0:  i18n (0.6.9) from /Users/pedrolopes/.rvm/gems/ruby-2.1.0/specifications/i18n-0.6.9.gemspec
I, [2014-01-07T14:49:05.847780 #25378]  INFO -- : 0:  minitest (4.7.5) from /Users/pedrolopes/.rvm/rubies/ruby-2.1.0/lib/ruby/gems/2.1.0/specifications/default/minitest-4.7.5.gemspec
I, [2014-01-07T14:49:05.848033 #25378]  INFO -- : 0:  multi_json (1.8.2) from /Users/pedrolopes/.rvm/gems/ruby-2.1.0/specifications/multi_json-1.8.2.gemspec
I, [2014-01-07T14:49:05.848288 #25378]  INFO -- : 0:  atomic (1.1.14) from /Users/pedrolopes/.rvm/gems/ruby-2.1.0/specifications/atomic-1.1.14.gemspec
I, [2014-01-07T14:49:05.848549 #25378]  INFO -- : 0:  thread_safe (0.1.3) from /Users/pedrolopes/.rvm/gems/ruby-2.1.0/specifications/thread_safe-0.1.3.gemspec
I, [2014-01-07T14:49:05.848796 #25378]  INFO -- : 0:  tzinfo (0.3.38) from /Users/pedrolopes/.rvm/gems/ruby-2.1.0/specifications/tzinfo-0.3.38.gemspec
I, [2014-01-07T14:49:05.849039 #25378]  INFO -- : 0:  activesupport (4.0.2) from /Users/pedrolopes/.rvm/gems/ruby-2.1.0/specifications/activesupport-4.0.2.gemspec
I, [2014-01-07T14:49:05.849282 #25378]  INFO -- : 0:  builder (3.1.4) from /Users/pedrolopes/.rvm/gems/ruby-2.1.0/specifications/builder-3.1.4.gemspec
I, [2014-01-07T14:49:05.849526 #25378]  INFO -- : 0:  erubis (2.7.0) from /Users/pedrolopes/.rvm/gems/ruby-2.1.0/specifications/erubis-2.7.0.gemspec
I, [2014-01-07T14:49:05.849758 #25378]  INFO -- : 0:  rack (1.5.2) from /Users/pedrolopes/.rvm/gems/ruby-2.1.0/specifications/rack-1.5.2.gemspec
I, [2014-01-07T14:49:05.849988 #25378]  INFO -- : 0:  rack-test (0.6.2) from /Users/pedrolopes/.rvm/gems/ruby-2.1.0/specifications/rack-test-0.6.2.gemspec
I, [2014-01-07T14:49:05.850204 #25378]  INFO -- : 0:  actionpack (4.0.2) from /Users/pedrolopes/.rvm/gems/ruby-2.1.0/specifications/actionpack-4.0.2.gemspec
I, [2014-01-07T14:49:05.850409 #25378]  INFO -- : 0:  mime-types (1.25.1) from /Users/pedrolopes/.rvm/gems/ruby-2.1.0/specifications/mime-types-1.25.1.gemspec
I, [2014-01-07T14:49:05.850616 #25378]  INFO -- : 0:  polyglot (0.3.3) from /Users/pedrolopes/.rvm/gems/ruby-2.1.0/specifications/polyglot-0.3.3.gemspec
I, [2014-01-07T14:49:05.850834 #25378]  INFO -- : 0:  treetop (1.4.15) from /Users/pedrolopes/.rvm/gems/ruby-2.1.0/specifications/treetop-1.4.15.gemspec
I, [2014-01-07T14:49:05.851057 #25378]  INFO -- : 0:  mail (2.5.4) from /Users/pedrolopes/.rvm/gems/ruby-2.1.0/specifications/mail-2.5.4.gemspec
I, [2014-01-07T14:49:05.851298 #25378]  INFO -- : 0:  actionmailer (4.0.2) from /Users/pedrolopes/.rvm/gems/ruby-2.1.0/specifications/actionmailer-4.0.2.gemspec
I, [2014-01-07T14:49:05.851516 #25378]  INFO -- : 0:  activemodel (4.0.2) from /Users/pedrolopes/.rvm/gems/ruby-2.1.0/specifications/activemodel-4.0.2.gemspec
I, [2014-01-07T14:49:05.851743 #25378]  INFO -- : 0:  activerecord-deprecated_finders (1.0.3) from /Users/pedrolopes/.rvm/gems/ruby-2.1.0/specifications/activerecord-deprecated_finders-1.0.3.gemspec
I, [2014-01-07T14:49:05.851953 #25378]  INFO -- : 0:  arel (4.0.1) from /Users/pedrolopes/.rvm/gems/ruby-2.1.0/specifications/arel-4.0.1.gemspec
I, [2014-01-07T14:49:05.852162 #25378]  INFO -- : 0:  activerecord (4.0.2) from /Users/pedrolopes/.rvm/gems/ruby-2.1.0/specifications/activerecord-4.0.2.gemspec
I, [2014-01-07T14:49:05.854279 #25378]  INFO -- : 0:  addressable (2.3.5) from /Users/pedrolopes/.rvm/gems/ruby-2.1.0/specifications/addressable-2.3.5.gemspec
I, [2014-01-07T14:49:05.854541 #25378]  INFO -- : 0:  bcrypt-ruby (3.1.2) from /Users/pedrolopes/.rvm/gems/ruby-2.1.0/specifications/bcrypt-ruby-3.1.2.gemspec
I, [2014-01-07T14:49:05.854797 #25378]  INFO -- : 0:  buftok (0.2.0) from /Users/pedrolopes/.rvm/gems/ruby-2.1.0/specifications/buftok-0.2.0.gemspec
I, [2014-01-07T14:49:05.854993 #25378]  INFO -- : 0:  bundler (1.5.1) from /Users/pedrolopes/.rvm/gems/ruby-2.1.0@global/specifications/bundler-1.5.1.gemspec
I, [2014-01-07T14:49:20.095689 #25378]  INFO -- : 0:  chunky_png (1.2.9) from /Users/pedrolopes/.rvm/gems/ruby-2.1.0/specifications/chunky_png-1.2.9.gemspec
I, [2014-01-07T14:49:20.096148 #25378]  INFO -- : 0:  coffee-script-source (1.6.3) from /Users/pedrolopes/.rvm/gems/ruby-2.1.0/specifications/coffee-script-source-1.6.3.gemspec
I, [2014-01-07T14:49:20.096664 #25378]  INFO -- : 0:  execjs (2.0.2) from /Users/pedrolopes/.rvm/gems/ruby-2.1.0/specifications/execjs-2.0.2.gemspec
I, [2014-01-07T14:49:20.097146 #25378]  INFO -- : 0:  coffee-script (2.2.0) from /Users/pedrolopes/.rvm/gems/ruby-2.1.0/specifications/coffee-script-2.2.0.gemspec
I, [2014-01-07T14:49:20.097494 #25378]  INFO -- : 0:  thor (0.18.1) from /Users/pedrolopes/.rvm/gems/ruby-2.1.0/specifications/thor-0.18.1.gemspec
I, [2014-01-07T14:49:20.097765 #25378]  INFO -- : 0:  railties (4.0.2) from /Users/pedrolopes/.rvm/gems/ruby-2.1.0/specifications/railties-4.0.2.gemspec
I, [2014-01-07T14:49:20.098029 #25378]  INFO -- : 0:  coffee-rails (4.0.1) from /Users/pedrolopes/.rvm/gems/ruby-2.1.0/specifications/coffee-rails-4.0.1.gemspec
I, [2014-01-07T14:49:32.973030 #25378]  INFO -- : 0:  fssm (0.2.10) from /Users/pedrolopes/.rvm/gems/ruby-2.1.0/specifications/fssm-0.2.10.gemspec
I, [2014-01-07T14:49:32.973368 #25378]  INFO -- : 0:  sass (3.2.13) from /Users/pedrolopes/.rvm/gems/ruby-2.1.0/specifications/sass-3.2.13.gemspec
I, [2014-01-07T14:49:49.886217 #25378]  INFO -- : 0:  compass (0.12.2) from /Users/pedrolopes/.rvm/gems/ruby-2.1.0/specifications/compass-0.12.2.gemspec
I, [2014-01-07T14:50:04.617633 #25378]  INFO -- : 0:  compass-rails (1.1.3) from /Users/pedrolopes/.rvm/gems/ruby-2.1.0/specifications/compass-rails-1.1.3.gemspec
I, [2014-01-07T14:50:04.617966 #25378]  INFO -- : 0:  daemons (1.1.9) from /Users/pedrolopes/.rvm/gems/ruby-2.1.0/specifications/daemons-1.1.9.gemspec
I, [2014-01-07T14:50:04.618194 #25378]  INFO -- : 0:  delayed_job (4.0.0) from /Users/pedrolopes/.rvm/gems/ruby-2.1.0/specifications/delayed_job-4.0.0.gemspec
I, [2014-01-07T14:50:04.618439 #25378]  INFO -- : 0:  delayed_job_active_record (4.0.0) from /Users/pedrolopes/.rvm/gems/ruby-2.1.0/specifications/delayed_job_active_record-4.0.0.gemspec
I, [2014-01-07T14:50:04.618648 #25378]  INFO -- : 0:  tilt (1.4.1) from /Users/pedrolopes/.rvm/gems/ruby-2.1.0/specifications/tilt-1.4.1.gemspec
I, [2014-01-07T14:50:04.618860 #25378]  INFO -- : 0:  haml (4.0.4) from /Users/pedrolopes/.rvm/gems/ruby-2.1.0/specifications/haml-4.0.4.gemspec
I, [2014-01-07T14:50:04.619095 #25378]  INFO -- : 0:  json (1.8.1) from /Users/pedrolopes/.rvm/rubies/ruby-2.1.0/lib/ruby/gems/2.1.0/specifications/default/json-1.8.1.gemspec
I, [2014-01-07T14:50:04.619308 #25378]  INFO -- : 0:  rdoc (3.12.2) from /Users/pedrolopes/.rvm/gems/ruby-2.1.0/specifications/rdoc-3.12.2.gemspec
I, [2014-01-07T14:50:04.619527 #25378]  INFO -- : 0:  rack-protection (1.5.1) from /Users/pedrolopes/.rvm/gems/ruby-2.1.0/specifications/rack-protection-1.5.1.gemspec
I, [2014-01-07T14:50:04.619767 #25378]  INFO -- : 0:  sinatra (1.4.4) from /Users/pedrolopes/.rvm/gems/ruby-2.1.0/specifications/sinatra-1.4.4.gemspec
I, [2014-01-07T14:50:04.619978 #25378]  INFO -- : 0:  delayed_job_web (1.2.1) from /Users/pedrolopes/.rvm/gems/ruby-2.1.0/specifications/delayed_job_web-1.2.1.gemspec
I, [2014-01-07T14:50:04.620186 #25378]  INFO -- : 0:  descendants_tracker (0.0.3) from /Users/pedrolopes/.rvm/gems/ruby-2.1.0/specifications/descendants_tracker-0.0.3.gemspec
I, [2014-01-07T14:50:04.620430 #25378]  INFO -- : 0:  orm_adapter (0.5.0) from /Users/pedrolopes/.rvm/gems/ruby-2.1.0/specifications/orm_adapter-0.5.0.gemspec
I, [2014-01-07T14:50:04.620640 #25378]  INFO -- : 0:  warden (1.2.3) from /Users/pedrolopes/.rvm/gems/ruby-2.1.0/specifications/warden-1.2.3.gemspec
I, [2014-01-07T14:50:04.620853 #25378]  INFO -- : 0:  devise (3.2.2) from /Users/pedrolopes/.rvm/gems/ruby-2.1.0/specifications/devise-3.2.2.gemspec
I, [2014-01-07T14:50:04.621069 #25378]  INFO -- : 0:  devise_marketable (0.0.4) from /Users/pedrolopes/.rvm/gems/ruby-2.1.0/specifications/devise_marketable-0.0.4.gemspec
I, [2014-01-07T14:50:04.621313 #25378]  INFO -- : 0:  dropbox-sdk (1.6.3) from /Users/pedrolopes/.rvm/gems/ruby-2.1.0/specifications/dropbox-sdk-1.6.3.gemspec
I, [2014-01-07T14:50:04.621523 #25378]  INFO -- : 0:  equalizer (0.0.9) from /Users/pedrolopes/.rvm/gems/ruby-2.1.0/specifications/equalizer-0.0.9.gemspec
I, [2014-01-07T14:50:04.621768 #25378]  INFO -- : 0:  multipart-post (1.2.0) from /Users/pedrolopes/.rvm/gems/ruby-2.1.0/specifications/multipart-post-1.2.0.gemspec
I, [2014-01-07T14:50:04.621987 #25378]  INFO -- : 0:  faraday (0.8.8) from /Users/pedrolopes/.rvm/gems/ruby-2.1.0/specifications/faraday-0.8.8.gemspec
I, [2014-01-07T14:50:04.622199 #25378]  INFO -- : 0:  foundation-rails (5.0.2.0) from /Users/pedrolopes/.rvm/gems/ruby-2.1.0/specifications/foundation-rails-5.0.2.0.gemspec
I, [2014-01-07T14:50:04.622438 #25378]  INFO -- : 0:  hashie (2.0.5) from /Users/pedrolopes/.rvm/gems/ruby-2.1.0/specifications/hashie-2.0.5.gemspec
I, [2014-01-07T14:50:04.622667 #25378]  INFO -- : 0:  hike (1.2.3) from /Users/pedrolopes/.rvm/gems/ruby-2.1.0/specifications/hike-1.2.3.gemspec
I, [2014-01-07T14:50:04.622877 #25378]  INFO -- : 0:  hiredis (0.4.5) from /Users/pedrolopes/.rvm/gems/ruby-2.1.0/specifications/hiredis-0.4.5.gemspec
I, [2014-01-07T14:50:04.623125 #25378]  INFO -- : 0:  http_parser.rb (0.6.0) from /Users/pedrolopes/.rvm/gems/ruby-2.1.0/specifications/http_parser.rb-0.6.0.gemspec
I, [2014-01-07T14:50:04.623505 #25378]  INFO -- : 0:  http (0.5.0) from /Users/pedrolopes/.rvm/gems/ruby-2.1.0/specifications/http-0.5.0.gemspec
I, [2014-01-07T14:50:04.623909 #25378]  INFO -- : 0:  httpauth (0.2.0) from /Users/pedrolopes/.rvm/gems/ruby-2.1.0/specifications/httpauth-0.2.0.gemspec
I, [2014-01-07T14:50:04.624198 #25378]  INFO -- : 0:  jbuilder (1.5.3) from /Users/pedrolopes/.rvm/gems/ruby-2.1.0/specifications/jbuilder-1.5.3.gemspec
I, [2014-01-07T14:50:04.624540 #25378]  INFO -- : 0:  jquery-rails (3.0.4) from /Users/pedrolopes/.rvm/gems/ruby-2.1.0/specifications/jquery-rails-3.0.4.gemspec
I, [2014-01-07T14:50:04.625027 #25378]  INFO -- : 0:  jsonpath (0.5.5) from /Users/pedrolopes/.rvm/gems/ruby-2.1.0/specifications/jsonpath-0.5.5.gemspec
I, [2014-01-07T14:50:04.625596 #25378]  INFO -- : 0:  jwt (0.1.8) from /Users/pedrolopes/.rvm/gems/ruby-2.1.0/specifications/jwt-0.1.8.gemspec
I, [2014-01-07T14:50:04.626053 #25378]  INFO -- : 0:  kaminari (0.15.0) from /Users/pedrolopes/.rvm/gems/ruby-2.1.0/specifications/kaminari-0.15.0.gemspec
I, [2014-01-07T14:50:04.626379 #25378]  INFO -- : 0:  koala (1.6.0) from /Users/pedrolopes/.rvm/gems/ruby-2.1.0/specifications/koala-1.6.0.gemspec
I, [2014-01-07T14:50:04.626767 #25378]  INFO -- : 0:  kramdown (1.3.1) from /Users/pedrolopes/.rvm/gems/ruby-2.1.0/specifications/kramdown-1.3.1.gemspec
I, [2014-01-07T14:50:04.627287 #25378]  INFO -- : 0:  oauth (0.4.7) from /Users/pedrolopes/.rvm/gems/ruby-2.1.0/specifications/oauth-0.4.7.gemspec
I, [2014-01-07T14:50:04.627616 #25378]  INFO -- : 0:  linkedin (0.4.4) from /Users/pedrolopes/.rvm/gems/ruby-2.1.0/specifications/linkedin-0.4.4.gemspec
I, [2014-01-07T14:50:04.627947 #25378]  INFO -- : 0:  memoizable (0.4.0) from /Users/pedrolopes/.rvm/gems/ruby-2.1.0/specifications/memoizable-0.4.0.gemspec
I, [2014-01-07T14:50:04.628319 #25378]  INFO -- : 0:  mini_portile (0.5.2) from /Users/pedrolopes/.rvm/gems/ruby-2.1.0/specifications/mini_portile-0.5.2.gemspec
I, [2014-01-07T14:50:04.628605 #25378]  INFO -- : 0:  mysql2 (0.3.14) from /Users/pedrolopes/.rvm/gems/ruby-2.1.0/specifications/mysql2-0.3.14.gemspec
I, [2014-01-07T14:50:04.629146 #25378]  INFO -- : 0:  nokogiri (1.6.1) from /Users/pedrolopes/.rvm/gems/ruby-2.1.0/specifications/nokogiri-1.6.1.gemspec
I, [2014-01-07T14:50:04.629837 #25378]  INFO -- : 0:  oauth2 (0.8.1) from /Users/pedrolopes/.rvm/gems/ruby-2.1.0/specifications/oauth2-0.8.1.gemspec
I, [2014-01-07T14:50:04.630201 #25378]  INFO -- : 0:  omniauth (1.1.4) from /Users/pedrolopes/.rvm/gems/ruby-2.1.0/specifications/omniauth-1.1.4.gemspec
I, [2014-01-07T14:50:04.630523 #25378]  INFO -- : 0:  omniauth-oauth2 (1.1.1) from /Users/pedrolopes/.rvm/gems/ruby-2.1.0/specifications/omniauth-oauth2-1.1.1.gemspec
I, [2014-01-07T14:50:04.630878 #25378]  INFO -- : 0:  omniauth-dropbox-oauth2 (0.1.0) from /Users/pedrolopes/.rvm/gems/ruby-2.1.0/specifications/omniauth-dropbox-oauth2-0.1.0.gemspec
I, [2014-01-07T14:50:04.631193 #25378]  INFO -- : 0:  omniauth-facebook (1.5.1) from /Users/pedrolopes/.rvm/gems/ruby-2.1.0/specifications/omniauth-facebook-1.5.1.gemspec
I, [2014-01-07T14:50:04.631517 #25378]  INFO -- : 0:  omniauth-github (1.1.1) from /Users/pedrolopes/.rvm/gems/ruby-2.1.0/specifications/omniauth-github-1.1.1.gemspec
I, [2014-01-07T14:50:04.631804 #25378]  INFO -- : 0:  omniauth-google-oauth2 (0.2.2) from /Users/pedrolopes/.rvm/gems/ruby-2.1.0/specifications/omniauth-google-oauth2-0.2.2.gemspec
I, [2014-01-07T14:50:04.632111 #25378]  INFO -- : 0:  omniauth-oauth (1.0.1) from /Users/pedrolopes/.rvm/gems/ruby-2.1.0/specifications/omniauth-oauth-1.0.1.gemspec
I, [2014-01-07T14:50:04.632475 #25378]  INFO -- : 0:  omniauth-linkedin (0.1.0) from /Users/pedrolopes/.rvm/gems/ruby-2.1.0/specifications/omniauth-linkedin-0.1.0.gemspec
I, [2014-01-07T14:50:04.632797 #25378]  INFO -- : 0:  omniauth-twitter (1.0.1) from /Users/pedrolopes/.rvm/gems/ruby-2.1.0/specifications/omniauth-twitter-1.0.1.gemspec
I, [2014-01-07T14:50:04.633470 #25378]  INFO -- : 0:  railroady (1.1.1) from /Users/pedrolopes/.rvm/gems/ruby-2.1.0/specifications/railroady-1.1.1.gemspec
I, [2014-01-07T14:50:04.634722 #25378]  INFO -- : 0:  sprockets (2.10.1) from /Users/pedrolopes/.rvm/gems/ruby-2.1.0/specifications/sprockets-2.10.1.gemspec
I, [2014-01-07T14:50:04.635044 #25378]  INFO -- : 0:  sprockets-rails (2.0.1) from /Users/pedrolopes/.rvm/gems/ruby-2.1.0/specifications/sprockets-rails-2.0.1.gemspec
I, [2014-01-07T14:50:04.635319 #25378]  INFO -- : 0:  rails (4.0.2) from /Users/pedrolopes/.rvm/gems/ruby-2.1.0/specifications/rails-4.0.2.gemspec
I, [2014-01-07T14:50:04.635602 #25378]  INFO -- : 0:  rails_config (0.3.3) from /Users/pedrolopes/.rvm/gems/ruby-2.1.0/specifications/rails_config-0.3.3.gemspec
I, [2014-01-07T14:50:04.635854 #25378]  INFO -- : 0:  redis (3.0.6) from /Users/pedrolopes/.rvm/gems/ruby-2.1.0/specifications/redis-3.0.6.gemspec
I, [2014-01-07T14:50:04.636131 #25378]  INFO -- : 0:  rest-client (1.6.7) from /Users/pedrolopes/.rvm/gems/ruby-2.1.0/specifications/rest-client-1.6.7.gemspec
I, [2014-01-07T14:50:04.636366 #25378]  INFO -- : 0:  rufus-scheduler (3.0.3) from /Users/pedrolopes/.rvm/gems/ruby-2.1.0/specifications/rufus-scheduler-3.0.3.gemspec
I, [2014-01-07T14:50:04.636571 #25378]  INFO -- : 0:  sass-rails (4.0.1) from /Users/pedrolopes/.rvm/gems/ruby-2.1.0/specifications/sass-rails-4.0.1.gemspec
I, [2014-01-07T14:50:04.636796 #25378]  INFO -- : 0:  sdoc (0.3.20) from /Users/pedrolopes/.rvm/gems/ruby-2.1.0/specifications/sdoc-0.3.20.gemspec
I, [2014-01-07T14:50:04.637177 #25378]  INFO -- : 0:  uuidtools (2.1.4) from /Users/pedrolopes/.rvm/gems/ruby-2.1.0/specifications/uuidtools-2.1.4.gemspec
I, [2014-01-07T14:50:04.637455 #25378]  INFO -- : 0:  sentry-raven (0.7.1) from /Users/pedrolopes/.rvm/gems/ruby-2.1.0/specifications/sentry-raven-0.7.1.gemspec
I, [2014-01-07T14:50:04.637731 #25378]  INFO -- : 0:  simple_oauth (0.2.0) from /Users/pedrolopes/.rvm/gems/ruby-2.1.0/specifications/simple_oauth-0.2.0.gemspec
I, [2014-01-07T14:50:04.637983 #25378]  INFO -- : 0:  turbolinks (2.1.0) from /Users/pedrolopes/.rvm/gems/ruby-2.1.0/specifications/turbolinks-2.1.0.gemspec
I, [2014-01-07T14:50:04.638245 #25378]  INFO -- : 0:  twitter (5.5.0) from /Users/pedrolopes/.rvm/gems/ruby-2.1.0/specifications/twitter-5.5.0.gemspec
I, [2014-01-07T14:50:04.638512 #25378]  INFO -- : 0:  uglifier (2.4.0) from /Users/pedrolopes/.rvm/gems/ruby-2.1.0/specifications/uglifier-2.4.0.gemspec
I, [2014-01-07T14:50:04.638755 #25378]  INFO -- : 0:  zaru (0.0.3) from /Users/pedrolopes/.rvm/gems/ruby-2.1.0/specifications/zaru-0.0.3.gemspec
I, [2014-01-07T17:03:23.248211 #26683]  INFO -- : 0:  rake (10.1.1) from /Users/pedrolopes/.rvm/gems/ruby-2.1.0/specifications/rake-10.1.1.gemspec
I, [2014-01-07T17:03:23.249311 #26683]  INFO -- : 0:  i18n (0.6.9) from /Users/pedrolopes/.rvm/gems/ruby-2.1.0/specifications/i18n-0.6.9.gemspec
I, [2014-01-07T17:03:23.249706 #26683]  INFO -- : 0:  minitest (4.7.5) from /Users/pedrolopes/.rvm/rubies/ruby-2.1.0/lib/ruby/gems/2.1.0/specifications/default/minitest-4.7.5.gemspec
I, [2014-01-07T17:03:23.249988 #26683]  INFO -- : 0:  multi_json (1.8.2) from /Users/pedrolopes/.rvm/gems/ruby-2.1.0/specifications/multi_json-1.8.2.gemspec
I, [2014-01-07T17:03:23.250275 #26683]  INFO -- : 0:  atomic (1.1.14) from /Users/pedrolopes/.rvm/gems/ruby-2.1.0/specifications/atomic-1.1.14.gemspec
I, [2014-01-07T17:03:23.250658 #26683]  INFO -- : 0:  thread_safe (0.1.3) from /Users/pedrolopes/.rvm/gems/ruby-2.1.0/specifications/thread_safe-0.1.3.gemspec
I, [2014-01-07T17:03:23.251073 #26683]  INFO -- : 0:  tzinfo (0.3.38) from /Users/pedrolopes/.rvm/gems/ruby-2.1.0/specifications/tzinfo-0.3.38.gemspec
I, [2014-01-07T17:03:23.251495 #26683]  INFO -- : 0:  activesupport (4.0.2) from /Users/pedrolopes/.rvm/gems/ruby-2.1.0/specifications/activesupport-4.0.2.gemspec
I, [2014-01-07T17:03:23.251929 #26683]  INFO -- : 0:  builder (3.1.4) from /Users/pedrolopes/.rvm/gems/ruby-2.1.0/specifications/builder-3.1.4.gemspec
I, [2014-01-07T17:03:23.252344 #26683]  INFO -- : 0:  erubis (2.7.0) from /Users/pedrolopes/.rvm/gems/ruby-2.1.0/specifications/erubis-2.7.0.gemspec
I, [2014-01-07T17:03:23.252723 #26683]  INFO -- : 0:  rack (1.5.2) from /Users/pedrolopes/.rvm/gems/ruby-2.1.0/specifications/rack-1.5.2.gemspec
I, [2014-01-07T17:03:23.253055 #26683]  INFO -- : 0:  rack-test (0.6.2) from /Users/pedrolopes/.rvm/gems/ruby-2.1.0/specifications/rack-test-0.6.2.gemspec
I, [2014-01-07T17:03:23.253374 #26683]  INFO -- : 0:  actionpack (4.0.2) from /Users/pedrolopes/.rvm/gems/ruby-2.1.0/specifications/actionpack-4.0.2.gemspec
I, [2014-01-07T17:03:23.253726 #26683]  INFO -- : 0:  mime-types (1.25.1) from /Users/pedrolopes/.rvm/gems/ruby-2.1.0/specifications/mime-types-1.25.1.gemspec
I, [2014-01-07T17:03:23.254124 #26683]  INFO -- : 0:  polyglot (0.3.3) from /Users/pedrolopes/.rvm/gems/ruby-2.1.0/specifications/polyglot-0.3.3.gemspec
I, [2014-01-07T17:03:23.254481 #26683]  INFO -- : 0:  treetop (1.4.15) from /Users/pedrolopes/.rvm/gems/ruby-2.1.0/specifications/treetop-1.4.15.gemspec
I, [2014-01-07T17:03:23.254814 #26683]  INFO -- : 0:  mail (2.5.4) from /Users/pedrolopes/.rvm/gems/ruby-2.1.0/specifications/mail-2.5.4.gemspec
I, [2014-01-07T17:03:23.255155 #26683]  INFO -- : 0:  actionmailer (4.0.2) from /Users/pedrolopes/.rvm/gems/ruby-2.1.0/specifications/actionmailer-4.0.2.gemspec
I, [2014-01-07T17:03:23.255481 #26683]  INFO -- : 0:  activemodel (4.0.2) from /Users/pedrolopes/.rvm/gems/ruby-2.1.0/specifications/activemodel-4.0.2.gemspec
I, [2014-01-07T17:03:23.255827 #26683]  INFO -- : 0:  activerecord-deprecated_finders (1.0.3) from /Users/pedrolopes/.rvm/gems/ruby-2.1.0/specifications/activerecord-deprecated_finders-1.0.3.gemspec
I, [2014-01-07T17:03:23.256180 #26683]  INFO -- : 0:  arel (4.0.1) from /Users/pedrolopes/.rvm/gems/ruby-2.1.0/specifications/arel-4.0.1.gemspec
I, [2014-01-07T17:03:23.256572 #26683]  INFO -- : 0:  activerecord (4.0.2) from /Users/pedrolopes/.rvm/gems/ruby-2.1.0/specifications/activerecord-4.0.2.gemspec
I, [2014-01-07T17:03:23.256918 #26683]  INFO -- : 0:  addressable (2.3.5) from /Users/pedrolopes/.rvm/gems/ruby-2.1.0/specifications/addressable-2.3.5.gemspec
I, [2014-01-07T17:03:34.821545 #26683]  INFO -- : 0:  extlib (0.9.16) from /Users/pedrolopes/.rvm/gems/ruby-2.1.0/specifications/extlib-0.9.16.gemspec
I, [2014-01-07T17:03:45.871571 #26683]  INFO -- : 0:  autoparse (0.3.3) from /Users/pedrolopes/.rvm/gems/ruby-2.1.0/specifications/autoparse-0.3.3.gemspec
I, [2014-01-07T17:03:45.871966 #26683]  INFO -- : 0:  bcrypt-ruby (3.1.2) from /Users/pedrolopes/.rvm/gems/ruby-2.1.0/specifications/bcrypt-ruby-3.1.2.gemspec
I, [2014-01-07T17:03:45.872220 #26683]  INFO -- : 0:  buftok (0.2.0) from /Users/pedrolopes/.rvm/gems/ruby-2.1.0/specifications/buftok-0.2.0.gemspec
I, [2014-01-07T17:03:45.872497 #26683]  INFO -- : 0:  bundler (1.5.1) from /Users/pedrolopes/.rvm/gems/ruby-2.1.0@global/specifications/bundler-1.5.1.gemspec
I, [2014-01-07T17:03:45.872736 #26683]  INFO -- : 0:  chunky_png (1.2.9) from /Users/pedrolopes/.rvm/gems/ruby-2.1.0/specifications/chunky_png-1.2.9.gemspec
I, [2014-01-07T17:03:45.873026 #26683]  INFO -- : 0:  coffee-script-source (1.6.3) from /Users/pedrolopes/.rvm/gems/ruby-2.1.0/specifications/coffee-script-source-1.6.3.gemspec
I, [2014-01-07T17:03:45.873300 #26683]  INFO -- : 0:  execjs (2.0.2) from /Users/pedrolopes/.rvm/gems/ruby-2.1.0/specifications/execjs-2.0.2.gemspec
I, [2014-01-07T17:03:45.873490 #26683]  INFO -- : 0:  coffee-script (2.2.0) from /Users/pedrolopes/.rvm/gems/ruby-2.1.0/specifications/coffee-script-2.2.0.gemspec
I, [2014-01-07T17:03:45.873694 #26683]  INFO -- : 0:  thor (0.18.1) from /Users/pedrolopes/.rvm/gems/ruby-2.1.0/specifications/thor-0.18.1.gemspec
I, [2014-01-07T17:03:45.874035 #26683]  INFO -- : 0:  railties (4.0.2) from /Users/pedrolopes/.rvm/gems/ruby-2.1.0/specifications/railties-4.0.2.gemspec
I, [2014-01-07T17:03:45.874237 #26683]  INFO -- : 0:  coffee-rails (4.0.1) from /Users/pedrolopes/.rvm/gems/ruby-2.1.0/specifications/coffee-rails-4.0.1.gemspec
I, [2014-01-07T17:03:45.874472 #26683]  INFO -- : 0:  fssm (0.2.10) from /Users/pedrolopes/.rvm/gems/ruby-2.1.0/specifications/fssm-0.2.10.gemspec
I, [2014-01-07T17:03:45.874793 #26683]  INFO -- : 0:  sass (3.2.13) from /Users/pedrolopes/.rvm/gems/ruby-2.1.0/specifications/sass-3.2.13.gemspec
I, [2014-01-07T17:03:45.875049 #26683]  INFO -- : 0:  compass (0.12.2) from /Users/pedrolopes/.rvm/gems/ruby-2.1.0/specifications/compass-0.12.2.gemspec
I, [2014-01-07T17:03:45.875291 #26683]  INFO -- : 0:  compass-rails (1.1.3) from /Users/pedrolopes/.rvm/gems/ruby-2.1.0/specifications/compass-rails-1.1.3.gemspec
I, [2014-01-07T17:03:45.875669 #26683]  INFO -- : 0:  daemons (1.1.9) from /Users/pedrolopes/.rvm/gems/ruby-2.1.0/specifications/daemons-1.1.9.gemspec
I, [2014-01-07T17:03:45.875966 #26683]  INFO -- : 0:  delayed_job (4.0.0) from /Users/pedrolopes/.rvm/gems/ruby-2.1.0/specifications/delayed_job-4.0.0.gemspec
I, [2014-01-07T17:03:45.876217 #26683]  INFO -- : 0:  delayed_job_active_record (4.0.0) from /Users/pedrolopes/.rvm/gems/ruby-2.1.0/specifications/delayed_job_active_record-4.0.0.gemspec
I, [2014-01-07T17:03:45.876459 #26683]  INFO -- : 0:  tilt (1.4.1) from /Users/pedrolopes/.rvm/gems/ruby-2.1.0/specifications/tilt-1.4.1.gemspec
I, [2014-01-07T17:03:45.876685 #26683]  INFO -- : 0:  haml (4.0.4) from /Users/pedrolopes/.rvm/gems/ruby-2.1.0/specifications/haml-4.0.4.gemspec
I, [2014-01-07T17:03:45.876915 #26683]  INFO -- : 0:  json (1.8.1) from /Users/pedrolopes/.rvm/rubies/ruby-2.1.0/lib/ruby/gems/2.1.0/specifications/default/json-1.8.1.gemspec
I, [2014-01-07T17:03:45.877144 #26683]  INFO -- : 0:  rdoc (3.12.2) from /Users/pedrolopes/.rvm/gems/ruby-2.1.0/specifications/rdoc-3.12.2.gemspec
I, [2014-01-07T17:03:45.877381 #26683]  INFO -- : 0:  rack-protection (1.5.1) from /Users/pedrolopes/.rvm/gems/ruby-2.1.0/specifications/rack-protection-1.5.1.gemspec
I, [2014-01-07T17:03:45.877703 #26683]  INFO -- : 0:  sinatra (1.4.4) from /Users/pedrolopes/.rvm/gems/ruby-2.1.0/specifications/sinatra-1.4.4.gemspec
I, [2014-01-07T17:03:45.878126 #26683]  INFO -- : 0:  delayed_job_web (1.2.1) from /Users/pedrolopes/.rvm/gems/ruby-2.1.0/specifications/delayed_job_web-1.2.1.gemspec
I, [2014-01-07T17:03:45.878470 #26683]  INFO -- : 0:  descendants_tracker (0.0.3) from /Users/pedrolopes/.rvm/gems/ruby-2.1.0/specifications/descendants_tracker-0.0.3.gemspec
I, [2014-01-07T17:03:45.878711 #26683]  INFO -- : 0:  orm_adapter (0.5.0) from /Users/pedrolopes/.rvm/gems/ruby-2.1.0/specifications/orm_adapter-0.5.0.gemspec
I, [2014-01-07T17:03:45.878992 #26683]  INFO -- : 0:  warden (1.2.3) from /Users/pedrolopes/.rvm/gems/ruby-2.1.0/specifications/warden-1.2.3.gemspec
I, [2014-01-07T17:03:45.879411 #26683]  INFO -- : 0:  devise (3.2.2) from /Users/pedrolopes/.rvm/gems/ruby-2.1.0/specifications/devise-3.2.2.gemspec
I, [2014-01-07T17:03:45.879792 #26683]  INFO -- : 0:  devise_marketable (0.0.4) from /Users/pedrolopes/.rvm/gems/ruby-2.1.0/specifications/devise_marketable-0.0.4.gemspec
I, [2014-01-07T17:03:45.880081 #26683]  INFO -- : 0:  dropbox-sdk (1.6.3) from /Users/pedrolopes/.rvm/gems/ruby-2.1.0/specifications/dropbox-sdk-1.6.3.gemspec
I, [2014-01-07T17:03:45.880355 #26683]  INFO -- : 0:  equalizer (0.0.9) from /Users/pedrolopes/.rvm/gems/ruby-2.1.0/specifications/equalizer-0.0.9.gemspec
I, [2014-01-07T17:03:45.880642 #26683]  INFO -- : 0:  multipart-post (1.2.0) from /Users/pedrolopes/.rvm/gems/ruby-2.1.0/specifications/multipart-post-1.2.0.gemspec
I, [2014-01-07T17:03:45.880919 #26683]  INFO -- : 0:  faraday (0.8.8) from /Users/pedrolopes/.rvm/gems/ruby-2.1.0/specifications/faraday-0.8.8.gemspec
I, [2014-01-07T17:03:45.881182 #26683]  INFO -- : 0:  foundation-rails (5.0.2.0) from /Users/pedrolopes/.rvm/gems/ruby-2.1.0/specifications/foundation-rails-5.0.2.0.gemspec
I, [2014-01-07T17:03:45.881516 #26683]  INFO -- : 0:  jwt (0.1.8) from /Users/pedrolopes/.rvm/gems/ruby-2.1.0/specifications/jwt-0.1.8.gemspec
I, [2014-01-07T17:03:56.580438 #26683]  INFO -- : 0:  launchy (2.4.2) from /Users/pedrolopes/.rvm/gems/ruby-2.1.0/specifications/launchy-2.4.2.gemspec
I, [2014-01-07T17:04:08.049371 #26683]  INFO -- : 0:  signet (0.4.5) from /Users/pedrolopes/.rvm/gems/ruby-2.1.0/specifications/signet-0.4.5.gemspec
I, [2014-01-07T17:04:08.049691 #26683]  INFO -- : 0:  uuidtools (2.1.4) from /Users/pedrolopes/.rvm/gems/ruby-2.1.0/specifications/uuidtools-2.1.4.gemspec
I, [2014-01-07T17:04:19.126949 #26683]  INFO -- : 0:  google-api-client (0.6.4) from /Users/pedrolopes/.rvm/gems/ruby-2.1.0/specifications/google-api-client-0.6.4.gemspec
I, [2014-01-07T17:04:19.127450 #26683]  INFO -- : 0:  hashie (2.0.5) from /Users/pedrolopes/.rvm/gems/ruby-2.1.0/specifications/hashie-2.0.5.gemspec
I, [2014-01-07T17:04:19.127847 #26683]  INFO -- : 0:  hike (1.2.3) from /Users/pedrolopes/.rvm/gems/ruby-2.1.0/specifications/hike-1.2.3.gemspec
I, [2014-01-07T17:04:19.128195 #26683]  INFO -- : 0:  hiredis (0.4.5) from /Users/pedrolopes/.rvm/gems/ruby-2.1.0/specifications/hiredis-0.4.5.gemspec
I, [2014-01-07T17:04:19.128562 #26683]  INFO -- : 0:  http_parser.rb (0.6.0) from /Users/pedrolopes/.rvm/gems/ruby-2.1.0/specifications/http_parser.rb-0.6.0.gemspec
I, [2014-01-07T17:04:19.128931 #26683]  INFO -- : 0:  http (0.5.0) from /Users/pedrolopes/.rvm/gems/ruby-2.1.0/specifications/http-0.5.0.gemspec
I, [2014-01-07T17:04:19.129289 #26683]  INFO -- : 0:  httpauth (0.2.0) from /Users/pedrolopes/.rvm/gems/ruby-2.1.0/specifications/httpauth-0.2.0.gemspec
I, [2014-01-07T17:04:19.129705 #26683]  INFO -- : 0:  jbuilder (1.5.3) from /Users/pedrolopes/.rvm/gems/ruby-2.1.0/specifications/jbuilder-1.5.3.gemspec
I, [2014-01-07T17:04:19.130214 #26683]  INFO -- : 0:  jquery-rails (3.0.4) from /Users/pedrolopes/.rvm/gems/ruby-2.1.0/specifications/jquery-rails-3.0.4.gemspec
I, [2014-01-07T17:04:19.131114 #26683]  INFO -- : 0:  jsonpath (0.5.5) from /Users/pedrolopes/.rvm/gems/ruby-2.1.0/specifications/jsonpath-0.5.5.gemspec
I, [2014-01-07T17:04:19.131467 #26683]  INFO -- : 0:  kaminari (0.15.0) from /Users/pedrolopes/.rvm/gems/ruby-2.1.0/specifications/kaminari-0.15.0.gemspec
I, [2014-01-07T17:04:19.131799 #26683]  INFO -- : 0:  koala (1.6.0) from /Users/pedrolopes/.rvm/gems/ruby-2.1.0/specifications/koala-1.6.0.gemspec
I, [2014-01-07T17:04:19.132106 #26683]  INFO -- : 0:  kramdown (1.3.1) from /Users/pedrolopes/.rvm/gems/ruby-2.1.0/specifications/kramdown-1.3.1.gemspec
I, [2014-01-07T17:04:19.132426 #26683]  INFO -- : 0:  oauth (0.4.7) from /Users/pedrolopes/.rvm/gems/ruby-2.1.0/specifications/oauth-0.4.7.gemspec
I, [2014-01-07T17:04:19.132714 #26683]  INFO -- : 0:  linkedin (0.4.4) from /Users/pedrolopes/.rvm/gems/ruby-2.1.0/specifications/linkedin-0.4.4.gemspec
I, [2014-01-07T17:04:19.133094 #26683]  INFO -- : 0:  memoizable (0.4.0) from /Users/pedrolopes/.rvm/gems/ruby-2.1.0/specifications/memoizable-0.4.0.gemspec
I, [2014-01-07T17:04:19.133500 #26683]  INFO -- : 0:  mini_portile (0.5.2) from /Users/pedrolopes/.rvm/gems/ruby-2.1.0/specifications/mini_portile-0.5.2.gemspec
I, [2014-01-07T17:04:19.133820 #26683]  INFO -- : 0:  mysql2 (0.3.14) from /Users/pedrolopes/.rvm/gems/ruby-2.1.0/specifications/mysql2-0.3.14.gemspec
I, [2014-01-07T17:04:19.134134 #26683]  INFO -- : 0:  nokogiri (1.6.1) from /Users/pedrolopes/.rvm/gems/ruby-2.1.0/specifications/nokogiri-1.6.1.gemspec
I, [2014-01-07T17:04:19.134427 #26683]  INFO -- : 0:  oauth2 (0.8.1) from /Users/pedrolopes/.rvm/gems/ruby-2.1.0/specifications/oauth2-0.8.1.gemspec
I, [2014-01-07T17:04:19.139866 #26683]  INFO -- : 0:  omniauth (1.1.4) from /Users/pedrolopes/.rvm/gems/ruby-2.1.0/specifications/omniauth-1.1.4.gemspec
I, [2014-01-07T17:04:19.144202 #26683]  INFO -- : 0:  omniauth-oauth2 (1.1.1) from /Users/pedrolopes/.rvm/gems/ruby-2.1.0/specifications/omniauth-oauth2-1.1.1.gemspec
I, [2014-01-07T17:04:19.145115 #26683]  INFO -- : 0:  omniauth-dropbox-oauth2 (0.1.0) from /Users/pedrolopes/.rvm/gems/ruby-2.1.0/specifications/omniauth-dropbox-oauth2-0.1.0.gemspec
I, [2014-01-07T17:04:19.145685 #26683]  INFO -- : 0:  omniauth-facebook (1.5.1) from /Users/pedrolopes/.rvm/gems/ruby-2.1.0/specifications/omniauth-facebook-1.5.1.gemspec
I, [2014-01-07T17:04:19.146457 #26683]  INFO -- : 0:  omniauth-github (1.1.1) from /Users/pedrolopes/.rvm/gems/ruby-2.1.0/specifications/omniauth-github-1.1.1.gemspec
I, [2014-01-07T17:04:19.147023 #26683]  INFO -- : 0:  omniauth-google-oauth2 (0.2.2) from /Users/pedrolopes/.rvm/gems/ruby-2.1.0/specifications/omniauth-google-oauth2-0.2.2.gemspec
I, [2014-01-07T17:04:19.147465 #26683]  INFO -- : 0:  omniauth-oauth (1.0.1) from /Users/pedrolopes/.rvm/gems/ruby-2.1.0/specifications/omniauth-oauth-1.0.1.gemspec
I, [2014-01-07T17:04:19.147851 #26683]  INFO -- : 0:  omniauth-linkedin (0.1.0) from /Users/pedrolopes/.rvm/gems/ruby-2.1.0/specifications/omniauth-linkedin-0.1.0.gemspec
I, [2014-01-07T17:04:19.148118 #26683]  INFO -- : 0:  omniauth-twitter (1.0.1) from /Users/pedrolopes/.rvm/gems/ruby-2.1.0/specifications/omniauth-twitter-1.0.1.gemspec
I, [2014-01-07T17:04:19.148378 #26683]  INFO -- : 0:  railroady (1.1.1) from /Users/pedrolopes/.rvm/gems/ruby-2.1.0/specifications/railroady-1.1.1.gemspec
I, [2014-01-07T17:04:19.148649 #26683]  INFO -- : 0:  sprockets (2.10.1) from /Users/pedrolopes/.rvm/gems/ruby-2.1.0/specifications/sprockets-2.10.1.gemspec
I, [2014-01-07T17:04:19.148973 #26683]  INFO -- : 0:  sprockets-rails (2.0.1) from /Users/pedrolopes/.rvm/gems/ruby-2.1.0/specifications/sprockets-rails-2.0.1.gemspec
I, [2014-01-07T17:04:19.149245 #26683]  INFO -- : 0:  rails (4.0.2) from /Users/pedrolopes/.rvm/gems/ruby-2.1.0/specifications/rails-4.0.2.gemspec
I, [2014-01-07T17:04:19.149542 #26683]  INFO -- : 0:  rails_config (0.3.3) from /Users/pedrolopes/.rvm/gems/ruby-2.1.0/specifications/rails_config-0.3.3.gemspec
I, [2014-01-07T17:04:19.149810 #26683]  INFO -- : 0:  redis (3.0.6) from /Users/pedrolopes/.rvm/gems/ruby-2.1.0/specifications/redis-3.0.6.gemspec
I, [2014-01-07T17:04:19.150083 #26683]  INFO -- : 0:  rest-client (1.6.7) from /Users/pedrolopes/.rvm/gems/ruby-2.1.0/specifications/rest-client-1.6.7.gemspec
I, [2014-01-07T17:04:19.150440 #26683]  INFO -- : 0:  rufus-scheduler (3.0.3) from /Users/pedrolopes/.rvm/gems/ruby-2.1.0/specifications/rufus-scheduler-3.0.3.gemspec
I, [2014-01-07T17:04:19.150738 #26683]  INFO -- : 0:  sass-rails (4.0.1) from /Users/pedrolopes/.rvm/gems/ruby-2.1.0/specifications/sass-rails-4.0.1.gemspec
I, [2014-01-07T17:04:19.151003 #26683]  INFO -- : 0:  sdoc (0.3.20) from /Users/pedrolopes/.rvm/gems/ruby-2.1.0/specifications/sdoc-0.3.20.gemspec
I, [2014-01-07T17:04:19.151305 #26683]  INFO -- : 0:  sentry-raven (0.7.1) from /Users/pedrolopes/.rvm/gems/ruby-2.1.0/specifications/sentry-raven-0.7.1.gemspec
I, [2014-01-07T17:04:19.151574 #26683]  INFO -- : 0:  simple_oauth (0.2.0) from /Users/pedrolopes/.rvm/gems/ruby-2.1.0/specifications/simple_oauth-0.2.0.gemspec
I, [2014-01-07T17:04:19.151851 #26683]  INFO -- : 0:  turbolinks (2.1.0) from /Users/pedrolopes/.rvm/gems/ruby-2.1.0/specifications/turbolinks-2.1.0.gemspec
I, [2014-01-07T17:04:19.152176 #26683]  INFO -- : 0:  twitter (5.5.0) from /Users/pedrolopes/.rvm/gems/ruby-2.1.0/specifications/twitter-5.5.0.gemspec
I, [2014-01-07T17:04:19.152459 #26683]  INFO -- : 0:  uglifier (2.4.0) from /Users/pedrolopes/.rvm/gems/ruby-2.1.0/specifications/uglifier-2.4.0.gemspec
I, [2014-01-07T17:04:19.152781 #26683]  INFO -- : 0:  zaru (0.0.3) from /Users/pedrolopes/.rvm/gems/ruby-2.1.0/specifications/zaru-0.0.3.gemspec
I, [2014-01-07T17:33:06.137532 #28634]  INFO -- : 0:  rake (10.1.1) from /Users/pedrolopes/.rvm/gems/ruby-2.1.0/specifications/rake-10.1.1.gemspec
I, [2014-01-07T17:33:06.138940 #28634]  INFO -- : 0:  i18n (0.6.9) from /Users/pedrolopes/.rvm/gems/ruby-2.1.0/specifications/i18n-0.6.9.gemspec
I, [2014-01-07T17:33:06.139357 #28634]  INFO -- : 0:  minitest (4.7.5) from /Users/pedrolopes/.rvm/rubies/ruby-2.1.0/lib/ruby/gems/2.1.0/specifications/default/minitest-4.7.5.gemspec
I, [2014-01-07T17:33:06.139717 #28634]  INFO -- : 0:  multi_json (1.8.2) from /Users/pedrolopes/.rvm/gems/ruby-2.1.0/specifications/multi_json-1.8.2.gemspec
I, [2014-01-07T17:33:06.140006 #28634]  INFO -- : 0:  atomic (1.1.14) from /Users/pedrolopes/.rvm/gems/ruby-2.1.0/specifications/atomic-1.1.14.gemspec
I, [2014-01-07T17:33:06.140308 #28634]  INFO -- : 0:  thread_safe (0.1.3) from /Users/pedrolopes/.rvm/gems/ruby-2.1.0/specifications/thread_safe-0.1.3.gemspec
I, [2014-01-07T17:33:06.140592 #28634]  INFO -- : 0:  tzinfo (0.3.38) from /Users/pedrolopes/.rvm/gems/ruby-2.1.0/specifications/tzinfo-0.3.38.gemspec
I, [2014-01-07T17:33:06.140876 #28634]  INFO -- : 0:  activesupport (4.0.2) from /Users/pedrolopes/.rvm/gems/ruby-2.1.0/specifications/activesupport-4.0.2.gemspec
I, [2014-01-07T17:33:06.141166 #28634]  INFO -- : 0:  builder (3.1.4) from /Users/pedrolopes/.rvm/gems/ruby-2.1.0/specifications/builder-3.1.4.gemspec
I, [2014-01-07T17:33:06.141509 #28634]  INFO -- : 0:  erubis (2.7.0) from /Users/pedrolopes/.rvm/gems/ruby-2.1.0/specifications/erubis-2.7.0.gemspec
I, [2014-01-07T17:33:06.141781 #28634]  INFO -- : 0:  rack (1.5.2) from /Users/pedrolopes/.rvm/gems/ruby-2.1.0/specifications/rack-1.5.2.gemspec
I, [2014-01-07T17:33:06.142088 #28634]  INFO -- : 0:  rack-test (0.6.2) from /Users/pedrolopes/.rvm/gems/ruby-2.1.0/specifications/rack-test-0.6.2.gemspec
I, [2014-01-07T17:33:06.142406 #28634]  INFO -- : 0:  actionpack (4.0.2) from /Users/pedrolopes/.rvm/gems/ruby-2.1.0/specifications/actionpack-4.0.2.gemspec
I, [2014-01-07T17:33:06.142696 #28634]  INFO -- : 0:  mime-types (1.25.1) from /Users/pedrolopes/.rvm/gems/ruby-2.1.0/specifications/mime-types-1.25.1.gemspec
I, [2014-01-07T17:33:06.142988 #28634]  INFO -- : 0:  polyglot (0.3.3) from /Users/pedrolopes/.rvm/gems/ruby-2.1.0/specifications/polyglot-0.3.3.gemspec
I, [2014-01-07T17:33:06.143263 #28634]  INFO -- : 0:  treetop (1.4.15) from /Users/pedrolopes/.rvm/gems/ruby-2.1.0/specifications/treetop-1.4.15.gemspec
I, [2014-01-07T17:33:06.143564 #28634]  INFO -- : 0:  mail (2.5.4) from /Users/pedrolopes/.rvm/gems/ruby-2.1.0/specifications/mail-2.5.4.gemspec
I, [2014-01-07T17:33:06.143901 #28634]  INFO -- : 0:  actionmailer (4.0.2) from /Users/pedrolopes/.rvm/gems/ruby-2.1.0/specifications/actionmailer-4.0.2.gemspec
I, [2014-01-07T17:33:06.144191 #28634]  INFO -- : 0:  activemodel (4.0.2) from /Users/pedrolopes/.rvm/gems/ruby-2.1.0/specifications/activemodel-4.0.2.gemspec
I, [2014-01-07T17:33:06.144472 #28634]  INFO -- : 0:  activerecord-deprecated_finders (1.0.3) from /Users/pedrolopes/.rvm/gems/ruby-2.1.0/specifications/activerecord-deprecated_finders-1.0.3.gemspec
I, [2014-01-07T17:33:06.144772 #28634]  INFO -- : 0:  arel (4.0.1) from /Users/pedrolopes/.rvm/gems/ruby-2.1.0/specifications/arel-4.0.1.gemspec
I, [2014-01-07T17:33:06.145097 #28634]  INFO -- : 0:  activerecord (4.0.2) from /Users/pedrolopes/.rvm/gems/ruby-2.1.0/specifications/activerecord-4.0.2.gemspec
I, [2014-01-07T17:33:06.145377 #28634]  INFO -- : 0:  addressable (2.3.5) from /Users/pedrolopes/.rvm/gems/ruby-2.1.0/specifications/addressable-2.3.5.gemspec
I, [2014-01-07T17:33:06.145671 #28634]  INFO -- : 0:  extlib (0.9.16) from /Users/pedrolopes/.rvm/gems/ruby-2.1.0/specifications/extlib-0.9.16.gemspec
I, [2014-01-07T17:33:06.145946 #28634]  INFO -- : 0:  autoparse (0.3.3) from /Users/pedrolopes/.rvm/gems/ruby-2.1.0/specifications/autoparse-0.3.3.gemspec
I, [2014-01-07T17:33:06.146243 #28634]  INFO -- : 0:  bcrypt-ruby (3.1.2) from /Users/pedrolopes/.rvm/gems/ruby-2.1.0/specifications/bcrypt-ruby-3.1.2.gemspec
I, [2014-01-07T17:33:06.146569 #28634]  INFO -- : 0:  buftok (0.2.0) from /Users/pedrolopes/.rvm/gems/ruby-2.1.0/specifications/buftok-0.2.0.gemspec
I, [2014-01-07T17:33:06.146847 #28634]  INFO -- : 0:  bundler (1.5.1) from /Users/pedrolopes/.rvm/gems/ruby-2.1.0@global/specifications/bundler-1.5.1.gemspec
I, [2014-01-07T17:33:06.147145 #28634]  INFO -- : 0:  chunky_png (1.2.9) from /Users/pedrolopes/.rvm/gems/ruby-2.1.0/specifications/chunky_png-1.2.9.gemspec
I, [2014-01-07T17:33:06.147456 #28634]  INFO -- : 0:  coffee-script-source (1.6.3) from /Users/pedrolopes/.rvm/gems/ruby-2.1.0/specifications/coffee-script-source-1.6.3.gemspec
I, [2014-01-07T17:33:06.147765 #28634]  INFO -- : 0:  execjs (2.0.2) from /Users/pedrolopes/.rvm/gems/ruby-2.1.0/specifications/execjs-2.0.2.gemspec
I, [2014-01-07T17:33:06.148051 #28634]  INFO -- : 0:  coffee-script (2.2.0) from /Users/pedrolopes/.rvm/gems/ruby-2.1.0/specifications/coffee-script-2.2.0.gemspec
I, [2014-01-07T17:33:06.148332 #28634]  INFO -- : 0:  thor (0.18.1) from /Users/pedrolopes/.rvm/gems/ruby-2.1.0/specifications/thor-0.18.1.gemspec
I, [2014-01-07T17:33:06.148704 #28634]  INFO -- : 0:  railties (4.0.2) from /Users/pedrolopes/.rvm/gems/ruby-2.1.0/specifications/railties-4.0.2.gemspec
I, [2014-01-07T17:33:06.148999 #28634]  INFO -- : 0:  coffee-rails (4.0.1) from /Users/pedrolopes/.rvm/gems/ruby-2.1.0/specifications/coffee-rails-4.0.1.gemspec
I, [2014-01-07T17:33:06.149277 #28634]  INFO -- : 0:  fssm (0.2.10) from /Users/pedrolopes/.rvm/gems/ruby-2.1.0/specifications/fssm-0.2.10.gemspec
I, [2014-01-07T17:33:06.149530 #28634]  INFO -- : 0:  sass (3.2.13) from /Users/pedrolopes/.rvm/gems/ruby-2.1.0/specifications/sass-3.2.13.gemspec
I, [2014-01-07T17:33:06.149754 #28634]  INFO -- : 0:  compass (0.12.2) from /Users/pedrolopes/.rvm/gems/ruby-2.1.0/specifications/compass-0.12.2.gemspec
I, [2014-01-07T17:33:06.149972 #28634]  INFO -- : 0:  compass-rails (1.1.3) from /Users/pedrolopes/.rvm/gems/ruby-2.1.0/specifications/compass-rails-1.1.3.gemspec
I, [2014-01-07T17:33:06.150182 #28634]  INFO -- : 0:  daemons (1.1.9) from /Users/pedrolopes/.rvm/gems/ruby-2.1.0/specifications/daemons-1.1.9.gemspec
I, [2014-01-07T17:33:06.150389 #28634]  INFO -- : 0:  delayed_job (4.0.0) from /Users/pedrolopes/.rvm/gems/ruby-2.1.0/specifications/delayed_job-4.0.0.gemspec
I, [2014-01-07T17:33:06.150623 #28634]  INFO -- : 0:  delayed_job_active_record (4.0.0) from /Users/pedrolopes/.rvm/gems/ruby-2.1.0/specifications/delayed_job_active_record-4.0.0.gemspec
I, [2014-01-07T17:33:06.150873 #28634]  INFO -- : 0:  tilt (1.4.1) from /Users/pedrolopes/.rvm/gems/ruby-2.1.0/specifications/tilt-1.4.1.gemspec
I, [2014-01-07T17:33:06.151102 #28634]  INFO -- : 0:  haml (4.0.4) from /Users/pedrolopes/.rvm/gems/ruby-2.1.0/specifications/haml-4.0.4.gemspec
I, [2014-01-07T17:33:06.151329 #28634]  INFO -- : 0:  json (1.8.1) from /Users/pedrolopes/.rvm/rubies/ruby-2.1.0/lib/ruby/gems/2.1.0/specifications/default/json-1.8.1.gemspec
I, [2014-01-07T17:33:06.151519 #28634]  INFO -- : 0:  rdoc (3.12.2) from /Users/pedrolopes/.rvm/gems/ruby-2.1.0/specifications/rdoc-3.12.2.gemspec
I, [2014-01-07T17:33:06.151699 #28634]  INFO -- : 0:  rack-protection (1.5.1) from /Users/pedrolopes/.rvm/gems/ruby-2.1.0/specifications/rack-protection-1.5.1.gemspec
I, [2014-01-07T17:33:06.151876 #28634]  INFO -- : 0:  sinatra (1.4.4) from /Users/pedrolopes/.rvm/gems/ruby-2.1.0/specifications/sinatra-1.4.4.gemspec
I, [2014-01-07T17:33:06.152051 #28634]  INFO -- : 0:  delayed_job_web (1.2.1) from /Users/pedrolopes/.rvm/gems/ruby-2.1.0/specifications/delayed_job_web-1.2.1.gemspec
I, [2014-01-07T17:33:06.152224 #28634]  INFO -- : 0:  descendants_tracker (0.0.3) from /Users/pedrolopes/.rvm/gems/ruby-2.1.0/specifications/descendants_tracker-0.0.3.gemspec
I, [2014-01-07T17:33:06.152398 #28634]  INFO -- : 0:  orm_adapter (0.5.0) from /Users/pedrolopes/.rvm/gems/ruby-2.1.0/specifications/orm_adapter-0.5.0.gemspec
I, [2014-01-07T17:33:06.152571 #28634]  INFO -- : 0:  warden (1.2.3) from /Users/pedrolopes/.rvm/gems/ruby-2.1.0/specifications/warden-1.2.3.gemspec
I, [2014-01-07T17:33:06.152743 #28634]  INFO -- : 0:  devise (3.2.2) from /Users/pedrolopes/.rvm/gems/ruby-2.1.0/specifications/devise-3.2.2.gemspec
I, [2014-01-07T17:33:06.152918 #28634]  INFO -- : 0:  devise_marketable (0.0.4) from /Users/pedrolopes/.rvm/gems/ruby-2.1.0/specifications/devise_marketable-0.0.4.gemspec
I, [2014-01-07T17:33:06.153092 #28634]  INFO -- : 0:  dropbox-sdk (1.6.3) from /Users/pedrolopes/.rvm/gems/ruby-2.1.0/specifications/dropbox-sdk-1.6.3.gemspec
I, [2014-01-07T17:33:06.153285 #28634]  INFO -- : 0:  equalizer (0.0.9) from /Users/pedrolopes/.rvm/gems/ruby-2.1.0/specifications/equalizer-0.0.9.gemspec
I, [2014-01-07T17:33:06.153460 #28634]  INFO -- : 0:  multipart-post (1.2.0) from /Users/pedrolopes/.rvm/gems/ruby-2.1.0/specifications/multipart-post-1.2.0.gemspec
I, [2014-01-07T17:33:06.153633 #28634]  INFO -- : 0:  faraday (0.8.8) from /Users/pedrolopes/.rvm/gems/ruby-2.1.0/specifications/faraday-0.8.8.gemspec
I, [2014-01-07T17:33:06.153807 #28634]  INFO -- : 0:  foundation-rails (5.0.2.0) from /Users/pedrolopes/.rvm/gems/ruby-2.1.0/specifications/foundation-rails-5.0.2.0.gemspec
I, [2014-01-07T17:33:06.153980 #28634]  INFO -- : 0:  jwt (0.1.8) from /Users/pedrolopes/.rvm/gems/ruby-2.1.0/specifications/jwt-0.1.8.gemspec
I, [2014-01-07T17:33:06.154152 #28634]  INFO -- : 0:  launchy (2.4.2) from /Users/pedrolopes/.rvm/gems/ruby-2.1.0/specifications/launchy-2.4.2.gemspec
I, [2014-01-07T17:33:06.154326 #28634]  INFO -- : 0:  signet (0.4.5) from /Users/pedrolopes/.rvm/gems/ruby-2.1.0/specifications/signet-0.4.5.gemspec
I, [2014-01-07T17:33:06.154502 #28634]  INFO -- : 0:  uuidtools (2.1.4) from /Users/pedrolopes/.rvm/gems/ruby-2.1.0/specifications/uuidtools-2.1.4.gemspec
I, [2014-01-07T17:33:06.154679 #28634]  INFO -- : 0:  google-api-client (0.6.4) from /Users/pedrolopes/.rvm/gems/ruby-2.1.0/specifications/google-api-client-0.6.4.gemspec
I, [2014-01-07T17:33:06.154851 #28634]  INFO -- : 0:  hashie (2.0.5) from /Users/pedrolopes/.rvm/gems/ruby-2.1.0/specifications/hashie-2.0.5.gemspec
I, [2014-01-07T17:33:06.155023 #28634]  INFO -- : 0:  hike (1.2.3) from /Users/pedrolopes/.rvm/gems/ruby-2.1.0/specifications/hike-1.2.3.gemspec
I, [2014-01-07T17:33:06.155194 #28634]  INFO -- : 0:  hiredis (0.4.5) from /Users/pedrolopes/.rvm/gems/ruby-2.1.0/specifications/hiredis-0.4.5.gemspec
I, [2014-01-07T17:33:06.155368 #28634]  INFO -- : 0:  http_parser.rb (0.6.0) from /Users/pedrolopes/.rvm/gems/ruby-2.1.0/specifications/http_parser.rb-0.6.0.gemspec
I, [2014-01-07T17:33:06.155537 #28634]  INFO -- : 0:  http (0.5.0) from /Users/pedrolopes/.rvm/gems/ruby-2.1.0/specifications/http-0.5.0.gemspec
I, [2014-01-07T17:33:06.155709 #28634]  INFO -- : 0:  httpauth (0.2.0) from /Users/pedrolopes/.rvm/gems/ruby-2.1.0/specifications/httpauth-0.2.0.gemspec
I, [2014-01-07T17:33:06.155879 #28634]  INFO -- : 0:  jbuilder (1.5.3) from /Users/pedrolopes/.rvm/gems/ruby-2.1.0/specifications/jbuilder-1.5.3.gemspec
I, [2014-01-07T17:33:06.156051 #28634]  INFO -- : 0:  jquery-rails (3.0.4) from /Users/pedrolopes/.rvm/gems/ruby-2.1.0/specifications/jquery-rails-3.0.4.gemspec
I, [2014-01-07T17:33:06.156223 #28634]  INFO -- : 0:  jsonpath (0.5.5) from /Users/pedrolopes/.rvm/gems/ruby-2.1.0/specifications/jsonpath-0.5.5.gemspec
I, [2014-01-07T17:33:06.156394 #28634]  INFO -- : 0:  kaminari (0.15.0) from /Users/pedrolopes/.rvm/gems/ruby-2.1.0/specifications/kaminari-0.15.0.gemspec
I, [2014-01-07T17:33:06.156565 #28634]  INFO -- : 0:  koala (1.6.0) from /Users/pedrolopes/.rvm/gems/ruby-2.1.0/specifications/koala-1.6.0.gemspec
I, [2014-01-07T17:33:06.156735 #28634]  INFO -- : 0:  kramdown (1.3.1) from /Users/pedrolopes/.rvm/gems/ruby-2.1.0/specifications/kramdown-1.3.1.gemspec
I, [2014-01-07T17:33:06.156904 #28634]  INFO -- : 0:  oauth (0.4.7) from /Users/pedrolopes/.rvm/gems/ruby-2.1.0/specifications/oauth-0.4.7.gemspec
I, [2014-01-07T17:33:06.159071 #28634]  INFO -- : 0:  linkedin (0.4.4) from /Users/pedrolopes/.rvm/gems/ruby-2.1.0/specifications/linkedin-0.4.4.gemspec
I, [2014-01-07T17:33:06.159862 #28634]  INFO -- : 0:  memoizable (0.4.0) from /Users/pedrolopes/.rvm/gems/ruby-2.1.0/specifications/memoizable-0.4.0.gemspec
I, [2014-01-07T17:33:06.160098 #28634]  INFO -- : 0:  mini_portile (0.5.2) from /Users/pedrolopes/.rvm/gems/ruby-2.1.0/specifications/mini_portile-0.5.2.gemspec
I, [2014-01-07T17:33:06.160329 #28634]  INFO -- : 0:  mysql2 (0.3.14) from /Users/pedrolopes/.rvm/gems/ruby-2.1.0/specifications/mysql2-0.3.14.gemspec
I, [2014-01-07T17:33:06.160543 #28634]  INFO -- : 0:  nokogiri (1.6.1) from /Users/pedrolopes/.rvm/gems/ruby-2.1.0/specifications/nokogiri-1.6.1.gemspec
I, [2014-01-07T17:33:06.160762 #28634]  INFO -- : 0:  oauth2 (0.8.1) from /Users/pedrolopes/.rvm/gems/ruby-2.1.0/specifications/oauth2-0.8.1.gemspec
I, [2014-01-07T17:33:06.160971 #28634]  INFO -- : 0:  omniauth (1.1.4) from /Users/pedrolopes/.rvm/gems/ruby-2.1.0/specifications/omniauth-1.1.4.gemspec
I, [2014-01-07T17:33:06.161171 #28634]  INFO -- : 0:  omniauth-oauth2 (1.1.1) from /Users/pedrolopes/.rvm/gems/ruby-2.1.0/specifications/omniauth-oauth2-1.1.1.gemspec
I, [2014-01-07T17:33:06.161393 #28634]  INFO -- : 0:  omniauth-dropbox-oauth2 (0.1.0) from /Users/pedrolopes/.rvm/gems/ruby-2.1.0/specifications/omniauth-dropbox-oauth2-0.1.0.gemspec
I, [2014-01-07T17:33:06.161593 #28634]  INFO -- : 0:  omniauth-facebook (1.5.1) from /Users/pedrolopes/.rvm/gems/ruby-2.1.0/specifications/omniauth-facebook-1.5.1.gemspec
I, [2014-01-07T17:33:06.161790 #28634]  INFO -- : 0:  omniauth-github (1.1.1) from /Users/pedrolopes/.rvm/gems/ruby-2.1.0/specifications/omniauth-github-1.1.1.gemspec
I, [2014-01-07T17:33:06.161991 #28634]  INFO -- : 0:  omniauth-google-oauth2 (0.2.2) from /Users/pedrolopes/.rvm/gems/ruby-2.1.0/specifications/omniauth-google-oauth2-0.2.2.gemspec
I, [2014-01-07T17:33:06.162205 #28634]  INFO -- : 0:  omniauth-oauth (1.0.1) from /Users/pedrolopes/.rvm/gems/ruby-2.1.0/specifications/omniauth-oauth-1.0.1.gemspec
I, [2014-01-07T17:33:06.162381 #28634]  INFO -- : 0:  omniauth-linkedin (0.1.0) from /Users/pedrolopes/.rvm/gems/ruby-2.1.0/specifications/omniauth-linkedin-0.1.0.gemspec
I, [2014-01-07T17:33:06.162590 #28634]  INFO -- : 0:  omniauth-twitter (1.0.1) from /Users/pedrolopes/.rvm/gems/ruby-2.1.0/specifications/omniauth-twitter-1.0.1.gemspec
I, [2014-01-07T17:33:06.162791 #28634]  INFO -- : 0:  railroady (1.1.1) from /Users/pedrolopes/.rvm/gems/ruby-2.1.0/specifications/railroady-1.1.1.gemspec
I, [2014-01-07T17:33:06.163010 #28634]  INFO -- : 0:  sprockets (2.10.1) from /Users/pedrolopes/.rvm/gems/ruby-2.1.0/specifications/sprockets-2.10.1.gemspec
I, [2014-01-07T17:33:06.163222 #28634]  INFO -- : 0:  sprockets-rails (2.0.1) from /Users/pedrolopes/.rvm/gems/ruby-2.1.0/specifications/sprockets-rails-2.0.1.gemspec
I, [2014-01-07T17:33:06.163412 #28634]  INFO -- : 0:  rails (4.0.2) from /Users/pedrolopes/.rvm/gems/ruby-2.1.0/specifications/rails-4.0.2.gemspec
I, [2014-01-07T17:33:06.163617 #28634]  INFO -- : 0:  rails_config (0.3.3) from /Users/pedrolopes/.rvm/gems/ruby-2.1.0/specifications/rails_config-0.3.3.gemspec
I, [2014-01-07T17:33:06.163818 #28634]  INFO -- : 0:  redis (3.0.6) from /Users/pedrolopes/.rvm/gems/ruby-2.1.0/specifications/redis-3.0.6.gemspec
I, [2014-01-07T17:33:06.164015 #28634]  INFO -- : 0:  rest-client (1.6.7) from /Users/pedrolopes/.rvm/gems/ruby-2.1.0/specifications/rest-client-1.6.7.gemspec
I, [2014-01-07T17:33:06.164218 #28634]  INFO -- : 0:  rufus-scheduler (3.0.3) from /Users/pedrolopes/.rvm/gems/ruby-2.1.0/specifications/rufus-scheduler-3.0.3.gemspec
I, [2014-01-07T17:33:06.164420 #28634]  INFO -- : 0:  sass-rails (4.0.1) from /Users/pedrolopes/.rvm/gems/ruby-2.1.0/specifications/sass-rails-4.0.1.gemspec
I, [2014-01-07T17:33:06.164622 #28634]  INFO -- : 0:  sdoc (0.3.20) from /Users/pedrolopes/.rvm/gems/ruby-2.1.0/specifications/sdoc-0.3.20.gemspec
I, [2014-01-07T17:33:06.164797 #28634]  INFO -- : 0:  sentry-raven (0.7.1) from /Users/pedrolopes/.rvm/gems/ruby-2.1.0/specifications/sentry-raven-0.7.1.gemspec
I, [2014-01-07T17:33:06.165000 #28634]  INFO -- : 0:  simple_oauth (0.2.0) from /Users/pedrolopes/.rvm/gems/ruby-2.1.0/specifications/simple_oauth-0.2.0.gemspec
I, [2014-01-07T17:33:06.165208 #28634]  INFO -- : 0:  turbolinks (2.1.0) from /Users/pedrolopes/.rvm/gems/ruby-2.1.0/specifications/turbolinks-2.1.0.gemspec
I, [2014-01-07T17:33:06.165396 #28634]  INFO -- : 0:  twitter (5.5.0) from /Users/pedrolopes/.rvm/gems/ruby-2.1.0/specifications/twitter-5.5.0.gemspec
I, [2014-01-07T17:33:06.165601 #28634]  INFO -- : 0:  uglifier (2.4.0) from /Users/pedrolopes/.rvm/gems/ruby-2.1.0/specifications/uglifier-2.4.0.gemspec
I, [2014-01-07T17:33:06.165824 #28634]  INFO -- : 0:  zaru (0.0.3) from /Users/pedrolopes/.rvm/gems/ruby-2.1.0/specifications/zaru-0.0.3.gemspec
